  main.cpp
C:\Users\Lenovo\Desktop\VS_OpenGL_tutorial\OpenGL_tutorial\tut_Basic_Objects\main.cpp(30,21): warning C4305: аргумент: усечение из "double" в "GLfloat"
C:\Users\Lenovo\Desktop\VS_OpenGL_tutorial\OpenGL_tutorial\tut_Basic_Objects\main.cpp(34,19): warning C4305: аргумент: усечение из "double" в "GLfloat"
C:\Users\Lenovo\Desktop\VS_OpenGL_tutorial\OpenGL_tutorial\tut_Basic_Objects\main.cpp(47,21): warning C4305: аргумент: усечение из "double" в "GLfloat"
C:\Users\Lenovo\Desktop\VS_OpenGL_tutorial\OpenGL_tutorial\tut_Basic_Objects\main.cpp(49,19): warning C4305: аргумент: усечение из "double" в "GLfloat"
C:\Users\Lenovo\Desktop\VS_OpenGL_tutorial\OpenGL_tutorial\tut_Basic_Objects\main.cpp(58,21): warning C4305: аргумент: усечение из "double" в "GLfloat"
C:\Users\Lenovo\Desktop\VS_OpenGL_tutorial\OpenGL_tutorial\tut_Basic_Objects\main.cpp(60,21): warning C4305: аргумент: усечение из "double" в "GLfloat"
C:\Users\Lenovo\Desktop\VS_OpenGL_tutorial\OpenGL_tutorial\tut_Basic_Objects\main.cpp(65,21): warning C4305: аргумент: усечение из "double" в "GLfloat"
C:\Users\Lenovo\Desktop\VS_OpenGL_tutorial\OpenGL_tutorial\tut_Basic_Objects\main.cpp(69,20): warning C4305: аргумент: усечение из "double" в "GLfloat"
C:\Users\Lenovo\Desktop\VS_OpenGL_tutorial\OpenGL_tutorial\tut_Basic_Objects\main.cpp(77,16): warning C4305: инициализация: усечение из "double" в "float"
C:\Users\Lenovo\Desktop\VS_OpenGL_tutorial\OpenGL_tutorial\tut_Basic_Objects\main.cpp(78,10): warning C4244: инициализация: преобразование "double" в "float", возможна потеря данных
C:\Users\Lenovo\Desktop\VS_OpenGL_tutorial\OpenGL_tutorial\tut_Basic_Objects\main.cpp(81,21): warning C4305: аргумент: усечение из "double" в "GLfloat"
C:\Users\Lenovo\Desktop\VS_OpenGL_tutorial\OpenGL_tutorial\tut_Basic_Objects\main.cpp(85,22): warning C4244: аргумент: преобразование "double" в "GLfloat", возможна потеря данных
C:\Users\Lenovo\Desktop\VS_OpenGL_tutorial\OpenGL_tutorial\tut_Basic_Objects\main.cpp(85,15): warning C4244: аргумент: преобразование "double" в "GLfloat", возможна потеря данных
C:\Users\Lenovo\Desktop\VS_OpenGL_tutorial\OpenGL_tutorial\tut_Basic_Objects\main.cpp(91,17): warning C4305: инициализация: усечение из "double" в "float"
C:\Users\Lenovo\Desktop\VS_OpenGL_tutorial\OpenGL_tutorial\tut_Basic_Objects\main.cpp(92,11): warning C4244: инициализация: преобразование "double" в "float", возможна потеря данных
C:\Users\Lenovo\Desktop\VS_OpenGL_tutorial\OpenGL_tutorial\tut_Basic_Objects\main.cpp(95,21): warning C4305: аргумент: усечение из "double" в "GLfloat"
C:\Users\Lenovo\Desktop\VS_OpenGL_tutorial\OpenGL_tutorial\tut_Basic_Objects\main.cpp(99,27): warning C4244: аргумент: преобразование "double" в "GLfloat", возможна потеря данных
C:\Users\Lenovo\Desktop\VS_OpenGL_tutorial\OpenGL_tutorial\tut_Basic_Objects\main.cpp(99,17): warning C4244: аргумент: преобразование "double" в "GLfloat", возможна потеря данных
C:\Users\Lenovo\Desktop\VS_OpenGL_tutorial\OpenGL_tutorial\tut_Basic_Objects\main.cpp(105,17): warning C4305: инициализация: усечение из "double" в "float"
C:\Users\Lenovo\Desktop\VS_OpenGL_tutorial\OpenGL_tutorial\tut_Basic_Objects\main.cpp(106,11): warning C4244: инициализация: преобразование "double" в "float", возможна потеря данных
C:\Users\Lenovo\Desktop\VS_OpenGL_tutorial\OpenGL_tutorial\tut_Basic_Objects\main.cpp(109,21): warning C4305: аргумент: усечение из "double" в "GLfloat"
C:\Users\Lenovo\Desktop\VS_OpenGL_tutorial\OpenGL_tutorial\tut_Basic_Objects\main.cpp(113,27): warning C4244: аргумент: преобразование "double" в "GLfloat", возможна потеря данных
C:\Users\Lenovo\Desktop\VS_OpenGL_tutorial\OpenGL_tutorial\tut_Basic_Objects\main.cpp(113,17): warning C4244: аргумент: преобразование "double" в "GLfloat", возможна потеря данных
C:\Users\Lenovo\Desktop\VS_OpenGL_tutorial\OpenGL_tutorial\tut_Basic_Objects\main.cpp(119,17): warning C4305: инициализация: усечение из "double" в "float"
C:\Users\Lenovo\Desktop\VS_OpenGL_tutorial\OpenGL_tutorial\tut_Basic_Objects\main.cpp(120,11): warning C4244: инициализация: преобразование "double" в "float", возможна потеря данных
C:\Users\Lenovo\Desktop\VS_OpenGL_tutorial\OpenGL_tutorial\tut_Basic_Objects\main.cpp(123,22): warning C4305: аргумент: усечение из "double" в "GLfloat"
C:\Users\Lenovo\Desktop\VS_OpenGL_tutorial\OpenGL_tutorial\tut_Basic_Objects\main.cpp(127,28): warning C4244: аргумент: преобразование "double" в "GLfloat", возможна потеря данных
C:\Users\Lenovo\Desktop\VS_OpenGL_tutorial\OpenGL_tutorial\tut_Basic_Objects\main.cpp(127,17): warning C4244: аргумент: преобразование "double" в "GLfloat", возможна потеря данных
C:\Users\Lenovo\Desktop\VS_OpenGL_tutorial\OpenGL_tutorial\tut_Basic_Objects\main.cpp(133,17): warning C4305: инициализация: усечение из "double" в "float"
C:\Users\Lenovo\Desktop\VS_OpenGL_tutorial\OpenGL_tutorial\tut_Basic_Objects\main.cpp(134,11): warning C4244: инициализация: преобразование "double" в "float", возможна потеря данных
C:\Users\Lenovo\Desktop\VS_OpenGL_tutorial\OpenGL_tutorial\tut_Basic_Objects\main.cpp(137,23): warning C4305: аргумент: усечение из "double" в "GLfloat"
C:\Users\Lenovo\Desktop\VS_OpenGL_tutorial\OpenGL_tutorial\tut_Basic_Objects\main.cpp(141,28): warning C4244: аргумент: преобразование "double" в "GLfloat", возможна потеря данных
C:\Users\Lenovo\Desktop\VS_OpenGL_tutorial\OpenGL_tutorial\tut_Basic_Objects\main.cpp(141,17): warning C4244: аргумент: преобразование "double" в "GLfloat", возможна потеря данных
C:\Users\Lenovo\Desktop\VS_OpenGL_tutorial\OpenGL_tutorial\tut_Basic_Objects\main.cpp(148,23): warning C4305: аргумент: усечение из "double" в "GLfloat"
C:\Users\Lenovo\Desktop\VS_OpenGL_tutorial\OpenGL_tutorial\tut_Basic_Objects\main.cpp(150,24): warning C4305: аргумент: усечение из "double" в "GLfloat"
C:\Users\Lenovo\Desktop\VS_OpenGL_tutorial\OpenGL_tutorial\tut_Basic_Objects\main.cpp(152,24): warning C4305: аргумент: усечение из "double" в "GLfloat"
C:\Users\Lenovo\Desktop\VS_OpenGL_tutorial\OpenGL_tutorial\tut_Basic_Objects\main.cpp(154,25): warning C4305: аргумент: усечение из "double" в "GLfloat"
C:\Users\Lenovo\Desktop\VS_OpenGL_tutorial\OpenGL_tutorial\tut_Basic_Objects\main.cpp(159,25): warning C4305: аргумент: усечение из "double" в "GLfloat"
C:\Users\Lenovo\Desktop\VS_OpenGL_tutorial\OpenGL_tutorial\tut_Basic_Objects\main.cpp(161,24): warning C4305: аргумент: усечение из "double" в "GLfloat"
C:\Users\Lenovo\Desktop\VS_OpenGL_tutorial\OpenGL_tutorial\tut_Basic_Objects\main.cpp(163,25): warning C4305: аргумент: усечение из "double" в "GLfloat"
C:\Users\Lenovo\Desktop\VS_OpenGL_tutorial\OpenGL_tutorial\tut_Basic_Objects\main.cpp(168,24): warning C4305: аргумент: усечение из "double" в "GLfloat"
C:\Users\Lenovo\Desktop\VS_OpenGL_tutorial\OpenGL_tutorial\tut_Basic_Objects\main.cpp(170,25): warning C4305: аргумент: усечение из "double" в "GLfloat"
C:\Users\Lenovo\Desktop\VS_OpenGL_tutorial\OpenGL_tutorial\tut_Basic_Objects\main.cpp(172,24): warning C4305: аргумент: усечение из "double" в "GLfloat"
C:\Users\Lenovo\Desktop\VS_OpenGL_tutorial\OpenGL_tutorial\tut_Basic_Objects\main.cpp(178,23): warning C4305: аргумент: усечение из "double" в "GLfloat"
C:\Users\Lenovo\Desktop\VS_OpenGL_tutorial\OpenGL_tutorial\tut_Basic_Objects\main.cpp(180,23): warning C4305: аргумент: усечение из "double" в "GLfloat"
C:\Users\Lenovo\Desktop\VS_OpenGL_tutorial\OpenGL_tutorial\tut_Basic_Objects\main.cpp(182,24): warning C4305: аргумент: усечение из "double" в "GLfloat"
C:\Users\Lenovo\Desktop\VS_OpenGL_tutorial\OpenGL_tutorial\tut_Basic_Objects\main.cpp(184,24): warning C4305: аргумент: усечение из "double" в "GLfloat"
C:\Users\Lenovo\Desktop\VS_OpenGL_tutorial\OpenGL_tutorial\tut_Basic_Objects\main.cpp(189,23): warning C4305: аргумент: усечение из "double" в "GLfloat"
C:\Users\Lenovo\Desktop\VS_OpenGL_tutorial\OpenGL_tutorial\tut_Basic_Objects\main.cpp(191,25): warning C4305: аргумент: усечение из "double" в "GLfloat"
C:\Users\Lenovo\Desktop\VS_OpenGL_tutorial\OpenGL_tutorial\tut_Basic_Objects\main.cpp(193,19): warning C4305: аргумент: усечение из "double" в "GLfloat"
C:\Users\Lenovo\Desktop\VS_OpenGL_tutorial\OpenGL_tutorial\tut_Basic_Objects\main.cpp(198,24): warning C4305: аргумент: усечение из "double" в "GLfloat"
C:\Users\Lenovo\Desktop\VS_OpenGL_tutorial\OpenGL_tutorial\tut_Basic_Objects\main.cpp(200,25): warning C4305: аргумент: усечение из "double" в "GLfloat"
C:\Users\Lenovo\Desktop\VS_OpenGL_tutorial\OpenGL_tutorial\tut_Basic_Objects\main.cpp(202,20): warning C4305: аргумент: усечение из "double" в "GLfloat"
C:\Users\Lenovo\Desktop\VS_OpenGL_tutorial\OpenGL_tutorial\tut_Basic_Objects\main.cpp(207,23): warning C4305: аргумент: усечение из "double" в "GLfloat"
C:\Users\Lenovo\Desktop\VS_OpenGL_tutorial\OpenGL_tutorial\tut_Basic_Objects\main.cpp(209,25): warning C4305: аргумент: усечение из "double" в "GLfloat"
C:\Users\Lenovo\Desktop\VS_OpenGL_tutorial\OpenGL_tutorial\tut_Basic_Objects\main.cpp(211,19): warning C4305: аргумент: усечение из "double" в "GLfloat"
C:\Users\Lenovo\Desktop\VS_OpenGL_tutorial\OpenGL_tutorial\tut_Basic_Objects\main.cpp(219,21): warning C4305: аргумент: усечение из "double" в "GLfloat"
C:\Users\Lenovo\Desktop\VS_OpenGL_tutorial\OpenGL_tutorial\tut_Basic_Objects\main.cpp(221,21): warning C4305: аргумент: усечение из "double" в "GLfloat"
C:\Users\Lenovo\Desktop\VS_OpenGL_tutorial\OpenGL_tutorial\tut_Basic_Objects\main.cpp(223,19): warning C4305: аргумент: усечение из "double" в "GLfloat"
C:\Users\Lenovo\Desktop\VS_OpenGL_tutorial\OpenGL_tutorial\tut_Basic_Objects\main.cpp(225,19): warning C4305: аргумент: усечение из "double" в "GLfloat"
C:\Users\Lenovo\Desktop\VS_OpenGL_tutorial\OpenGL_tutorial\tut_Basic_Objects\main.cpp(230,22): warning C4305: аргумент: усечение из "double" в "GLfloat"
C:\Users\Lenovo\Desktop\VS_OpenGL_tutorial\OpenGL_tutorial\tut_Basic_Objects\main.cpp(232,22): warning C4305: аргумент: усечение из "double" в "GLfloat"
C:\Users\Lenovo\Desktop\VS_OpenGL_tutorial\OpenGL_tutorial\tut_Basic_Objects\main.cpp(234,22): warning C4305: аргумент: усечение из "double" в "GLfloat"
C:\Users\Lenovo\Desktop\VS_OpenGL_tutorial\OpenGL_tutorial\tut_Basic_Objects\main.cpp(236,22): warning C4305: аргумент: усечение из "double" в "GLfloat"
C:\Users\Lenovo\Desktop\VS_OpenGL_tutorial\OpenGL_tutorial\tut_Basic_Objects\main.cpp(241,21): warning C4305: аргумент: усечение из "double" в "GLfloat"
C:\Users\Lenovo\Desktop\VS_OpenGL_tutorial\OpenGL_tutorial\tut_Basic_Objects\main.cpp(243,19): warning C4305: аргумент: усечение из "double" в "GLfloat"
C:\Users\Lenovo\Desktop\VS_OpenGL_tutorial\OpenGL_tutorial\tut_Basic_Objects\main.cpp(252,19): warning C4305: аргумент: усечение из "double" в "GLfloat"
C:\Users\Lenovo\Desktop\VS_OpenGL_tutorial\OpenGL_tutorial\tut_Basic_Objects\main.cpp(260,22): warning C4244: аргумент: преобразование "double" в "GLfloat", возможна потеря данных
C:\Users\Lenovo\Desktop\VS_OpenGL_tutorial\OpenGL_tutorial\tut_Basic_Objects\main.cpp(260,14): warning C4244: аргумент: преобразование "double" в "GLfloat", возможна потеря данных
C:\Users\Lenovo\Desktop\VS_OpenGL_tutorial\OpenGL_tutorial\tut_Basic_Objects\main.cpp(262,22): warning C4244: аргумент: преобразование "double" в "GLfloat", возможна потеря данных
C:\Users\Lenovo\Desktop\VS_OpenGL_tutorial\OpenGL_tutorial\tut_Basic_Objects\main.cpp(262,14): warning C4244: аргумент: преобразование "double" в "GLfloat", возможна потеря данных
C:\Users\Lenovo\Desktop\VS_OpenGL_tutorial\OpenGL_tutorial\tut_Basic_Objects\main.cpp(264,22): warning C4244: аргумент: преобразование "double" в "GLfloat", возможна потеря данных
C:\Users\Lenovo\Desktop\VS_OpenGL_tutorial\OpenGL_tutorial\tut_Basic_Objects\main.cpp(264,14): warning C4244: аргумент: преобразование "double" в "GLfloat", возможна потеря данных
C:\Users\Lenovo\Desktop\VS_OpenGL_tutorial\OpenGL_tutorial\tut_Basic_Objects\main.cpp(266,22): warning C4244: аргумент: преобразование "double" в "GLfloat", возможна потеря данных
C:\Users\Lenovo\Desktop\VS_OpenGL_tutorial\OpenGL_tutorial\tut_Basic_Objects\main.cpp(266,14): warning C4244: аргумент: преобразование "double" в "GLfloat", возможна потеря данных
C:\Users\Lenovo\Desktop\VS_OpenGL_tutorial\OpenGL_tutorial\tut_Basic_Objects\main.cpp(268,22): warning C4244: аргумент: преобразование "double" в "GLfloat", возможна потеря данных
C:\Users\Lenovo\Desktop\VS_OpenGL_tutorial\OpenGL_tutorial\tut_Basic_Objects\main.cpp(268,14): warning C4244: аргумент: преобразование "double" в "GLfloat", возможна потеря данных
C:\Users\Lenovo\Desktop\VS_OpenGL_tutorial\OpenGL_tutorial\tut_Basic_Objects\main.cpp(272,25): warning C4244: аргумент: преобразование "double" в "GLfloat", возможна потеря данных
C:\Users\Lenovo\Desktop\VS_OpenGL_tutorial\OpenGL_tutorial\tut_Basic_Objects\main.cpp(272,15): warning C4244: аргумент: преобразование "double" в "GLfloat", возможна потеря данных
C:\Users\Lenovo\Desktop\VS_OpenGL_tutorial\OpenGL_tutorial\tut_Basic_Objects\main.cpp(274,25): warning C4244: аргумент: преобразование "double" в "GLfloat", возможна потеря данных
C:\Users\Lenovo\Desktop\VS_OpenGL_tutorial\OpenGL_tutorial\tut_Basic_Objects\main.cpp(274,15): warning C4244: аргумент: преобразование "double" в "GLfloat", возможна потеря данных
C:\Users\Lenovo\Desktop\VS_OpenGL_tutorial\OpenGL_tutorial\tut_Basic_Objects\main.cpp(276,25): warning C4244: аргумент: преобразование "double" в "GLfloat", возможна потеря данных
C:\Users\Lenovo\Desktop\VS_OpenGL_tutorial\OpenGL_tutorial\tut_Basic_Objects\main.cpp(276,15): warning C4244: аргумент: преобразование "double" в "GLfloat", возможна потеря данных
C:\Users\Lenovo\Desktop\VS_OpenGL_tutorial\OpenGL_tutorial\tut_Basic_Objects\main.cpp(278,25): warning C4244: аргумент: преобразование "double" в "GLfloat", возможна потеря данных
C:\Users\Lenovo\Desktop\VS_OpenGL_tutorial\OpenGL_tutorial\tut_Basic_Objects\main.cpp(278,15): warning C4244: аргумент: преобразование "double" в "GLfloat", возможна потеря данных
C:\Users\Lenovo\Desktop\VS_OpenGL_tutorial\OpenGL_tutorial\tut_Basic_Objects\main.cpp(282,25): warning C4244: аргумент: преобразование "double" в "GLfloat", возможна потеря данных
C:\Users\Lenovo\Desktop\VS_OpenGL_tutorial\OpenGL_tutorial\tut_Basic_Objects\main.cpp(282,15): warning C4244: аргумент: преобразование "double" в "GLfloat", возможна потеря данных
C:\Users\Lenovo\Desktop\VS_OpenGL_tutorial\OpenGL_tutorial\tut_Basic_Objects\main.cpp(284,25): warning C4244: аргумент: преобразование "double" в "GLfloat", возможна потеря данных
C:\Users\Lenovo\Desktop\VS_OpenGL_tutorial\OpenGL_tutorial\tut_Basic_Objects\main.cpp(284,15): warning C4244: аргумент: преобразование "double" в "GLfloat", возможна потеря данных
C:\Users\Lenovo\Desktop\VS_OpenGL_tutorial\OpenGL_tutorial\tut_Basic_Objects\main.cpp(286,25): warning C4244: аргумент: преобразование "double" в "GLfloat", возможна потеря данных
C:\Users\Lenovo\Desktop\VS_OpenGL_tutorial\OpenGL_tutorial\tut_Basic_Objects\main.cpp(286,15): warning C4244: аргумент: преобразование "double" в "GLfloat", возможна потеря данных
C:\Users\Lenovo\Desktop\VS_OpenGL_tutorial\OpenGL_tutorial\tut_Basic_Objects\main.cpp(290,17): warning C4305: инициализация: усечение из "double" в "float"
C:\Users\Lenovo\Desktop\VS_OpenGL_tutorial\OpenGL_tutorial\tut_Basic_Objects\main.cpp(291,11): warning C4244: инициализация: преобразование "double" в "float", возможна потеря данных
C:\Users\Lenovo\Desktop\VS_OpenGL_tutorial\OpenGL_tutorial\tut_Basic_Objects\main.cpp(294,24): warning C4244: аргумент: преобразование "double" в "GLfloat", возможна потеря данных
C:\Users\Lenovo\Desktop\VS_OpenGL_tutorial\OpenGL_tutorial\tut_Basic_Objects\main.cpp(294,15): warning C4244: аргумент: преобразование "double" в "GLfloat", возможна потеря данных
C:\Users\Lenovo\Desktop\VS_OpenGL_tutorial\OpenGL_tutorial\tut_Basic_Objects\main.cpp(298,26): warning C4244: аргумент: преобразование "double" в "GLfloat", возможна потеря данных
C:\Users\Lenovo\Desktop\VS_OpenGL_tutorial\OpenGL_tutorial\tut_Basic_Objects\main.cpp(298,16): warning C4244: аргумент: преобразование "double" в "GLfloat", возможна потеря данных
C:\Users\Lenovo\Desktop\VS_OpenGL_tutorial\OpenGL_tutorial\tut_Basic_Objects\main.cpp(303,16): warning C4305: инициализация: усечение из "double" в "float"
C:\Users\Lenovo\Desktop\VS_OpenGL_tutorial\OpenGL_tutorial\tut_Basic_Objects\main.cpp(304,10): warning C4244: инициализация: преобразование "double" в "float", возможна потеря данных
C:\Users\Lenovo\Desktop\VS_OpenGL_tutorial\OpenGL_tutorial\tut_Basic_Objects\main.cpp(307,25): warning C4244: аргумент: преобразование "double" в "GLfloat", возможна потеря данных
C:\Users\Lenovo\Desktop\VS_OpenGL_tutorial\OpenGL_tutorial\tut_Basic_Objects\main.cpp(307,15): warning C4244: аргумент: преобразование "double" в "GLfloat", возможна потеря данных
C:\Users\Lenovo\Desktop\VS_OpenGL_tutorial\OpenGL_tutorial\tut_Basic_Objects\main.cpp(311,26): warning C4244: аргумент: преобразование "double" в "GLfloat", возможна потеря данных
C:\Users\Lenovo\Desktop\VS_OpenGL_tutorial\OpenGL_tutorial\tut_Basic_Objects\main.cpp(311,16): warning C4244: аргумент: преобразование "double" в "GLfloat", возможна потеря данных
C:\Users\Lenovo\Desktop\VS_OpenGL_tutorial\OpenGL_tutorial\tut_Basic_Objects\main.cpp(316,25): warning C4244: аргумент: преобразование "double" в "GLfloat", возможна потеря данных
C:\Users\Lenovo\Desktop\VS_OpenGL_tutorial\OpenGL_tutorial\tut_Basic_Objects\main.cpp(316,15): warning C4244: аргумент: преобразование "double" в "GLfloat", возможна потеря данных
C:\Users\Lenovo\Desktop\VS_OpenGL_tutorial\OpenGL_tutorial\tut_Basic_Objects\main.cpp(318,25): warning C4244: аргумент: преобразование "double" в "GLfloat", возможна потеря данных
C:\Users\Lenovo\Desktop\VS_OpenGL_tutorial\OpenGL_tutorial\tut_Basic_Objects\main.cpp(318,15): warning C4244: аргумент: преобразование "double" в "GLfloat", возможна потеря данных
C:\Users\Lenovo\Desktop\VS_OpenGL_tutorial\OpenGL_tutorial\tut_Basic_Objects\main.cpp(320,25): warning C4244: аргумент: преобразование "double" в "GLfloat", возможна потеря данных
C:\Users\Lenovo\Desktop\VS_OpenGL_tutorial\OpenGL_tutorial\tut_Basic_Objects\main.cpp(320,15): warning C4244: аргумент: преобразование "double" в "GLfloat", возможна потеря данных
C:\Users\Lenovo\Desktop\VS_OpenGL_tutorial\OpenGL_tutorial\tut_Basic_Objects\main.cpp(322,25): warning C4244: аргумент: преобразование "double" в "GLfloat", возможна потеря данных
C:\Users\Lenovo\Desktop\VS_OpenGL_tutorial\OpenGL_tutorial\tut_Basic_Objects\main.cpp(322,15): warning C4244: аргумент: преобразование "double" в "GLfloat", возможна потеря данных
C:\Users\Lenovo\Desktop\VS_OpenGL_tutorial\OpenGL_tutorial\tut_Basic_Objects\main.cpp(326,25): warning C4244: аргумент: преобразование "double" в "GLfloat", возможна потеря данных
C:\Users\Lenovo\Desktop\VS_OpenGL_tutorial\OpenGL_tutorial\tut_Basic_Objects\main.cpp(326,15): warning C4244: аргумент: преобразование "double" в "GLfloat", возможна потеря данных
C:\Users\Lenovo\Desktop\VS_OpenGL_tutorial\OpenGL_tutorial\tut_Basic_Objects\main.cpp(328,25): warning C4244: аргумент: преобразование "double" в "GLfloat", возможна потеря данных
C:\Users\Lenovo\Desktop\VS_OpenGL_tutorial\OpenGL_tutorial\tut_Basic_Objects\main.cpp(328,15): warning C4244: аргумент: преобразование "double" в "GLfloat", возможна потеря данных
C:\Users\Lenovo\Desktop\VS_OpenGL_tutorial\OpenGL_tutorial\tut_Basic_Objects\main.cpp(330,25): warning C4244: аргумент: преобразование "double" в "GLfloat", возможна потеря данных
C:\Users\Lenovo\Desktop\VS_OpenGL_tutorial\OpenGL_tutorial\tut_Basic_Objects\main.cpp(330,15): warning C4244: аргумент: преобразование "double" в "GLfloat", возможна потеря данных
C:\Users\Lenovo\Desktop\VS_OpenGL_tutorial\OpenGL_tutorial\tut_Basic_Objects\main.cpp(332,25): warning C4244: аргумент: преобразование "double" в "GLfloat", возможна потеря данных
C:\Users\Lenovo\Desktop\VS_OpenGL_tutorial\OpenGL_tutorial\tut_Basic_Objects\main.cpp(332,15): warning C4244: аргумент: преобразование "double" в "GLfloat", возможна потеря данных
C:\Users\Lenovo\Desktop\VS_OpenGL_tutorial\OpenGL_tutorial\tut_Basic_Objects\main.cpp(345,15): warning C4305: инициализация: усечение из "double" в "float"
C:\Users\Lenovo\Desktop\VS_OpenGL_tutorial\OpenGL_tutorial\tut_Basic_Objects\main.cpp(345,26): warning C4305: инициализация: усечение из "double" в "float"
  tut_Basic_Objects.vcxproj -> C:\Users\Lenovo\Desktop\VS_OpenGL_tutorial\OpenGL_tutorial\Debug\tut_Basic_Objects.exe
