  main.cpp
C:\Users\Lenovo\Desktop\VS_OpenGL_tutorial\OpenGL_tutorial\tut_Basic_Objects\main.cpp(72,20): warning C4018: <: несоответствие типов со знаком и без знака
C:\Users\Lenovo\Desktop\VS_OpenGL_tutorial\OpenGL_tutorial\tut_Basic_Objects\main.cpp(83,21): warning C4305: инициализация: усечение из "double" в "float"
C:\Users\Lenovo\Desktop\VS_OpenGL_tutorial\OpenGL_tutorial\tut_Basic_Objects\main.cpp(87,22): warning C4244: аргумент: преобразование "double" в "float", возможна потеря данных
C:\Users\Lenovo\Desktop\VS_OpenGL_tutorial\OpenGL_tutorial\tut_Basic_Objects\main.cpp(88,18): warning C4244: аргумент: преобразование "double" в "float", возможна потеря данных
C:\Users\Lenovo\Desktop\VS_OpenGL_tutorial\OpenGL_tutorial\tut_Basic_Objects\main.cpp(108,24): warning C4305: аргумент: усечение из "double" в "GLfloat"
C:\Users\Lenovo\Desktop\VS_OpenGL_tutorial\OpenGL_tutorial\tut_Basic_Objects\main.cpp(115,20): warning C4018: <: несоответствие типов со знаком и без знака
C:\Users\Lenovo\Desktop\VS_OpenGL_tutorial\OpenGL_tutorial\tut_Basic_Objects\main.cpp(126,21): warning C4305: инициализация: усечение из "double" в "float"
C:\Users\Lenovo\Desktop\VS_OpenGL_tutorial\OpenGL_tutorial\tut_Basic_Objects\main.cpp(130,13): warning C4244: =: преобразование "double" в "GLfloat", возможна потеря данных
C:\Users\Lenovo\Desktop\VS_OpenGL_tutorial\OpenGL_tutorial\tut_Basic_Objects\main.cpp(131,56): warning C4244: аргумент: преобразование "double" в "float", возможна потеря данных
C:\Users\Lenovo\Desktop\VS_OpenGL_tutorial\OpenGL_tutorial\tut_Basic_Objects\main.cpp(131,72): warning C4244: аргумент: преобразование "double" в "float", возможна потеря данных
C:\Users\Lenovo\Desktop\VS_OpenGL_tutorial\OpenGL_tutorial\tut_Basic_Objects\main.cpp(131,61): warning C4244: =: преобразование "double" в "GLfloat", возможна потеря данных
C:\Users\Lenovo\Desktop\VS_OpenGL_tutorial\OpenGL_tutorial\tut_Basic_Objects\main.cpp(141,21): warning C4305: аргумент: усечение из "double" в "GLfloat"
C:\Users\Lenovo\Desktop\VS_OpenGL_tutorial\OpenGL_tutorial\tut_Basic_Objects\main.cpp(145,19): warning C4305: аргумент: усечение из "double" в "GLfloat"
C:\Users\Lenovo\Desktop\VS_OpenGL_tutorial\OpenGL_tutorial\tut_Basic_Objects\main.cpp(158,21): warning C4305: аргумент: усечение из "double" в "GLfloat"
C:\Users\Lenovo\Desktop\VS_OpenGL_tutorial\OpenGL_tutorial\tut_Basic_Objects\main.cpp(160,19): warning C4305: аргумент: усечение из "double" в "GLfloat"
C:\Users\Lenovo\Desktop\VS_OpenGL_tutorial\OpenGL_tutorial\tut_Basic_Objects\main.cpp(169,21): warning C4305: аргумент: усечение из "double" в "GLfloat"
C:\Users\Lenovo\Desktop\VS_OpenGL_tutorial\OpenGL_tutorial\tut_Basic_Objects\main.cpp(171,21): warning C4305: аргумент: усечение из "double" в "GLfloat"
C:\Users\Lenovo\Desktop\VS_OpenGL_tutorial\OpenGL_tutorial\tut_Basic_Objects\main.cpp(176,21): warning C4305: аргумент: усечение из "double" в "GLfloat"
C:\Users\Lenovo\Desktop\VS_OpenGL_tutorial\OpenGL_tutorial\tut_Basic_Objects\main.cpp(180,20): warning C4305: аргумент: усечение из "double" в "GLfloat"
C:\Users\Lenovo\Desktop\VS_OpenGL_tutorial\OpenGL_tutorial\tut_Basic_Objects\main.cpp(188,16): warning C4305: инициализация: усечение из "double" в "float"
C:\Users\Lenovo\Desktop\VS_OpenGL_tutorial\OpenGL_tutorial\tut_Basic_Objects\main.cpp(189,10): warning C4244: инициализация: преобразование "double" в "float", возможна потеря данных
C:\Users\Lenovo\Desktop\VS_OpenGL_tutorial\OpenGL_tutorial\tut_Basic_Objects\main.cpp(192,21): warning C4305: аргумент: усечение из "double" в "GLfloat"
C:\Users\Lenovo\Desktop\VS_OpenGL_tutorial\OpenGL_tutorial\tut_Basic_Objects\main.cpp(196,25): warning C4244: аргумент: преобразование "double" в "GLfloat", возможна потеря данных
C:\Users\Lenovo\Desktop\VS_OpenGL_tutorial\OpenGL_tutorial\tut_Basic_Objects\main.cpp(196,16): warning C4244: аргумент: преобразование "double" в "GLfloat", возможна потеря данных
C:\Users\Lenovo\Desktop\VS_OpenGL_tutorial\OpenGL_tutorial\tut_Basic_Objects\main.cpp(202,17): warning C4305: инициализация: усечение из "double" в "float"
C:\Users\Lenovo\Desktop\VS_OpenGL_tutorial\OpenGL_tutorial\tut_Basic_Objects\main.cpp(203,11): warning C4244: инициализация: преобразование "double" в "float", возможна потеря данных
C:\Users\Lenovo\Desktop\VS_OpenGL_tutorial\OpenGL_tutorial\tut_Basic_Objects\main.cpp(206,21): warning C4305: аргумент: усечение из "double" в "GLfloat"
C:\Users\Lenovo\Desktop\VS_OpenGL_tutorial\OpenGL_tutorial\tut_Basic_Objects\main.cpp(210,27): warning C4244: аргумент: преобразование "double" в "GLfloat", возможна потеря данных
C:\Users\Lenovo\Desktop\VS_OpenGL_tutorial\OpenGL_tutorial\tut_Basic_Objects\main.cpp(210,17): warning C4244: аргумент: преобразование "double" в "GLfloat", возможна потеря данных
C:\Users\Lenovo\Desktop\VS_OpenGL_tutorial\OpenGL_tutorial\tut_Basic_Objects\main.cpp(216,17): warning C4305: инициализация: усечение из "double" в "float"
C:\Users\Lenovo\Desktop\VS_OpenGL_tutorial\OpenGL_tutorial\tut_Basic_Objects\main.cpp(217,11): warning C4244: инициализация: преобразование "double" в "float", возможна потеря данных
C:\Users\Lenovo\Desktop\VS_OpenGL_tutorial\OpenGL_tutorial\tut_Basic_Objects\main.cpp(220,21): warning C4305: аргумент: усечение из "double" в "GLfloat"
C:\Users\Lenovo\Desktop\VS_OpenGL_tutorial\OpenGL_tutorial\tut_Basic_Objects\main.cpp(224,27): warning C4244: аргумент: преобразование "double" в "GLfloat", возможна потеря данных
C:\Users\Lenovo\Desktop\VS_OpenGL_tutorial\OpenGL_tutorial\tut_Basic_Objects\main.cpp(224,17): warning C4244: аргумент: преобразование "double" в "GLfloat", возможна потеря данных
C:\Users\Lenovo\Desktop\VS_OpenGL_tutorial\OpenGL_tutorial\tut_Basic_Objects\main.cpp(230,17): warning C4305: инициализация: усечение из "double" в "float"
C:\Users\Lenovo\Desktop\VS_OpenGL_tutorial\OpenGL_tutorial\tut_Basic_Objects\main.cpp(231,11): warning C4244: инициализация: преобразование "double" в "float", возможна потеря данных
C:\Users\Lenovo\Desktop\VS_OpenGL_tutorial\OpenGL_tutorial\tut_Basic_Objects\main.cpp(234,22): warning C4305: аргумент: усечение из "double" в "GLfloat"
C:\Users\Lenovo\Desktop\VS_OpenGL_tutorial\OpenGL_tutorial\tut_Basic_Objects\main.cpp(238,28): warning C4244: аргумент: преобразование "double" в "GLfloat", возможна потеря данных
C:\Users\Lenovo\Desktop\VS_OpenGL_tutorial\OpenGL_tutorial\tut_Basic_Objects\main.cpp(238,17): warning C4244: аргумент: преобразование "double" в "GLfloat", возможна потеря данных
C:\Users\Lenovo\Desktop\VS_OpenGL_tutorial\OpenGL_tutorial\tut_Basic_Objects\main.cpp(244,17): warning C4305: инициализация: усечение из "double" в "float"
C:\Users\Lenovo\Desktop\VS_OpenGL_tutorial\OpenGL_tutorial\tut_Basic_Objects\main.cpp(245,11): warning C4244: инициализация: преобразование "double" в "float", возможна потеря данных
C:\Users\Lenovo\Desktop\VS_OpenGL_tutorial\OpenGL_tutorial\tut_Basic_Objects\main.cpp(248,23): warning C4305: аргумент: усечение из "double" в "GLfloat"
C:\Users\Lenovo\Desktop\VS_OpenGL_tutorial\OpenGL_tutorial\tut_Basic_Objects\main.cpp(252,28): warning C4244: аргумент: преобразование "double" в "GLfloat", возможна потеря данных
C:\Users\Lenovo\Desktop\VS_OpenGL_tutorial\OpenGL_tutorial\tut_Basic_Objects\main.cpp(252,17): warning C4244: аргумент: преобразование "double" в "GLfloat", возможна потеря данных
C:\Users\Lenovo\Desktop\VS_OpenGL_tutorial\OpenGL_tutorial\tut_Basic_Objects\main.cpp(259,23): warning C4305: аргумент: усечение из "double" в "GLfloat"
C:\Users\Lenovo\Desktop\VS_OpenGL_tutorial\OpenGL_tutorial\tut_Basic_Objects\main.cpp(261,24): warning C4305: аргумент: усечение из "double" в "GLfloat"
C:\Users\Lenovo\Desktop\VS_OpenGL_tutorial\OpenGL_tutorial\tut_Basic_Objects\main.cpp(263,24): warning C4305: аргумент: усечение из "double" в "GLfloat"
C:\Users\Lenovo\Desktop\VS_OpenGL_tutorial\OpenGL_tutorial\tut_Basic_Objects\main.cpp(265,25): warning C4305: аргумент: усечение из "double" в "GLfloat"
C:\Users\Lenovo\Desktop\VS_OpenGL_tutorial\OpenGL_tutorial\tut_Basic_Objects\main.cpp(270,25): warning C4305: аргумент: усечение из "double" в "GLfloat"
C:\Users\Lenovo\Desktop\VS_OpenGL_tutorial\OpenGL_tutorial\tut_Basic_Objects\main.cpp(272,24): warning C4305: аргумент: усечение из "double" в "GLfloat"
C:\Users\Lenovo\Desktop\VS_OpenGL_tutorial\OpenGL_tutorial\tut_Basic_Objects\main.cpp(274,25): warning C4305: аргумент: усечение из "double" в "GLfloat"
C:\Users\Lenovo\Desktop\VS_OpenGL_tutorial\OpenGL_tutorial\tut_Basic_Objects\main.cpp(279,24): warning C4305: аргумент: усечение из "double" в "GLfloat"
C:\Users\Lenovo\Desktop\VS_OpenGL_tutorial\OpenGL_tutorial\tut_Basic_Objects\main.cpp(281,25): warning C4305: аргумент: усечение из "double" в "GLfloat"
C:\Users\Lenovo\Desktop\VS_OpenGL_tutorial\OpenGL_tutorial\tut_Basic_Objects\main.cpp(283,24): warning C4305: аргумент: усечение из "double" в "GLfloat"
C:\Users\Lenovo\Desktop\VS_OpenGL_tutorial\OpenGL_tutorial\tut_Basic_Objects\main.cpp(289,23): warning C4305: аргумент: усечение из "double" в "GLfloat"
C:\Users\Lenovo\Desktop\VS_OpenGL_tutorial\OpenGL_tutorial\tut_Basic_Objects\main.cpp(291,23): warning C4305: аргумент: усечение из "double" в "GLfloat"
C:\Users\Lenovo\Desktop\VS_OpenGL_tutorial\OpenGL_tutorial\tut_Basic_Objects\main.cpp(293,24): warning C4305: аргумент: усечение из "double" в "GLfloat"
C:\Users\Lenovo\Desktop\VS_OpenGL_tutorial\OpenGL_tutorial\tut_Basic_Objects\main.cpp(295,24): warning C4305: аргумент: усечение из "double" в "GLfloat"
C:\Users\Lenovo\Desktop\VS_OpenGL_tutorial\OpenGL_tutorial\tut_Basic_Objects\main.cpp(300,23): warning C4305: аргумент: усечение из "double" в "GLfloat"
C:\Users\Lenovo\Desktop\VS_OpenGL_tutorial\OpenGL_tutorial\tut_Basic_Objects\main.cpp(302,25): warning C4305: аргумент: усечение из "double" в "GLfloat"
C:\Users\Lenovo\Desktop\VS_OpenGL_tutorial\OpenGL_tutorial\tut_Basic_Objects\main.cpp(304,19): warning C4305: аргумент: усечение из "double" в "GLfloat"
C:\Users\Lenovo\Desktop\VS_OpenGL_tutorial\OpenGL_tutorial\tut_Basic_Objects\main.cpp(309,24): warning C4305: аргумент: усечение из "double" в "GLfloat"
C:\Users\Lenovo\Desktop\VS_OpenGL_tutorial\OpenGL_tutorial\tut_Basic_Objects\main.cpp(311,25): warning C4305: аргумент: усечение из "double" в "GLfloat"
C:\Users\Lenovo\Desktop\VS_OpenGL_tutorial\OpenGL_tutorial\tut_Basic_Objects\main.cpp(313,20): warning C4305: аргумент: усечение из "double" в "GLfloat"
C:\Users\Lenovo\Desktop\VS_OpenGL_tutorial\OpenGL_tutorial\tut_Basic_Objects\main.cpp(318,23): warning C4305: аргумент: усечение из "double" в "GLfloat"
C:\Users\Lenovo\Desktop\VS_OpenGL_tutorial\OpenGL_tutorial\tut_Basic_Objects\main.cpp(320,25): warning C4305: аргумент: усечение из "double" в "GLfloat"
C:\Users\Lenovo\Desktop\VS_OpenGL_tutorial\OpenGL_tutorial\tut_Basic_Objects\main.cpp(322,19): warning C4305: аргумент: усечение из "double" в "GLfloat"
C:\Users\Lenovo\Desktop\VS_OpenGL_tutorial\OpenGL_tutorial\tut_Basic_Objects\main.cpp(330,21): warning C4305: аргумент: усечение из "double" в "GLfloat"
C:\Users\Lenovo\Desktop\VS_OpenGL_tutorial\OpenGL_tutorial\tut_Basic_Objects\main.cpp(332,21): warning C4305: аргумент: усечение из "double" в "GLfloat"
C:\Users\Lenovo\Desktop\VS_OpenGL_tutorial\OpenGL_tutorial\tut_Basic_Objects\main.cpp(334,19): warning C4305: аргумент: усечение из "double" в "GLfloat"
C:\Users\Lenovo\Desktop\VS_OpenGL_tutorial\OpenGL_tutorial\tut_Basic_Objects\main.cpp(336,19): warning C4305: аргумент: усечение из "double" в "GLfloat"
C:\Users\Lenovo\Desktop\VS_OpenGL_tutorial\OpenGL_tutorial\tut_Basic_Objects\main.cpp(341,22): warning C4305: аргумент: усечение из "double" в "GLfloat"
C:\Users\Lenovo\Desktop\VS_OpenGL_tutorial\OpenGL_tutorial\tut_Basic_Objects\main.cpp(343,22): warning C4305: аргумент: усечение из "double" в "GLfloat"
C:\Users\Lenovo\Desktop\VS_OpenGL_tutorial\OpenGL_tutorial\tut_Basic_Objects\main.cpp(345,22): warning C4305: аргумент: усечение из "double" в "GLfloat"
C:\Users\Lenovo\Desktop\VS_OpenGL_tutorial\OpenGL_tutorial\tut_Basic_Objects\main.cpp(347,22): warning C4305: аргумент: усечение из "double" в "GLfloat"
C:\Users\Lenovo\Desktop\VS_OpenGL_tutorial\OpenGL_tutorial\tut_Basic_Objects\main.cpp(352,21): warning C4305: аргумент: усечение из "double" в "GLfloat"
C:\Users\Lenovo\Desktop\VS_OpenGL_tutorial\OpenGL_tutorial\tut_Basic_Objects\main.cpp(354,19): warning C4305: аргумент: усечение из "double" в "GLfloat"
C:\Users\Lenovo\Desktop\VS_OpenGL_tutorial\OpenGL_tutorial\tut_Basic_Objects\main.cpp(363,19): warning C4305: аргумент: усечение из "double" в "GLfloat"
C:\Users\Lenovo\Desktop\VS_OpenGL_tutorial\OpenGL_tutorial\tut_Basic_Objects\main.cpp(369,15): warning C4305: инициализация: усечение из "double" в "float"
C:\Users\Lenovo\Desktop\VS_OpenGL_tutorial\OpenGL_tutorial\tut_Basic_Objects\main.cpp(370,17): warning C4305: инициализация: усечение из "double" в "float"
C:\Users\Lenovo\Desktop\VS_OpenGL_tutorial\OpenGL_tutorial\tut_Basic_Objects\main.cpp(376,25): warning C4305: аргумент: усечение из "double" в "GLfloat"
C:\Users\Lenovo\Desktop\VS_OpenGL_tutorial\OpenGL_tutorial\tut_Basic_Objects\main.cpp(379,25): warning C4244: аргумент: преобразование "double" в "GLfloat", возможна потеря данных
C:\Users\Lenovo\Desktop\VS_OpenGL_tutorial\OpenGL_tutorial\tut_Basic_Objects\main.cpp(379,15): warning C4244: аргумент: преобразование "double" в "GLfloat", возможна потеря данных
C:\Users\Lenovo\Desktop\VS_OpenGL_tutorial\OpenGL_tutorial\tut_Basic_Objects\main.cpp(381,25): warning C4244: аргумент: преобразование "double" в "GLfloat", возможна потеря данных
C:\Users\Lenovo\Desktop\VS_OpenGL_tutorial\OpenGL_tutorial\tut_Basic_Objects\main.cpp(381,15): warning C4244: аргумент: преобразование "double" в "GLfloat", возможна потеря данных
C:\Users\Lenovo\Desktop\VS_OpenGL_tutorial\OpenGL_tutorial\tut_Basic_Objects\main.cpp(383,25): warning C4244: аргумент: преобразование "double" в "GLfloat", возможна потеря данных
C:\Users\Lenovo\Desktop\VS_OpenGL_tutorial\OpenGL_tutorial\tut_Basic_Objects\main.cpp(383,15): warning C4244: аргумент: преобразование "double" в "GLfloat", возможна потеря данных
C:\Users\Lenovo\Desktop\VS_OpenGL_tutorial\OpenGL_tutorial\tut_Basic_Objects\main.cpp(385,25): warning C4244: аргумент: преобразование "double" в "GLfloat", возможна потеря данных
C:\Users\Lenovo\Desktop\VS_OpenGL_tutorial\OpenGL_tutorial\tut_Basic_Objects\main.cpp(385,15): warning C4244: аргумент: преобразование "double" в "GLfloat", возможна потеря данных
C:\Users\Lenovo\Desktop\VS_OpenGL_tutorial\OpenGL_tutorial\tut_Basic_Objects\main.cpp(387,25): warning C4244: аргумент: преобразование "double" в "GLfloat", возможна потеря данных
C:\Users\Lenovo\Desktop\VS_OpenGL_tutorial\OpenGL_tutorial\tut_Basic_Objects\main.cpp(387,15): warning C4244: аргумент: преобразование "double" в "GLfloat", возможна потеря данных
C:\Users\Lenovo\Desktop\VS_OpenGL_tutorial\OpenGL_tutorial\tut_Basic_Objects\main.cpp(391,25): warning C4244: аргумент: преобразование "double" в "GLfloat", возможна потеря данных
C:\Users\Lenovo\Desktop\VS_OpenGL_tutorial\OpenGL_tutorial\tut_Basic_Objects\main.cpp(391,15): warning C4244: аргумент: преобразование "double" в "GLfloat", возможна потеря данных
C:\Users\Lenovo\Desktop\VS_OpenGL_tutorial\OpenGL_tutorial\tut_Basic_Objects\main.cpp(393,25): warning C4244: аргумент: преобразование "double" в "GLfloat", возможна потеря данных
C:\Users\Lenovo\Desktop\VS_OpenGL_tutorial\OpenGL_tutorial\tut_Basic_Objects\main.cpp(393,15): warning C4244: аргумент: преобразование "double" в "GLfloat", возможна потеря данных
C:\Users\Lenovo\Desktop\VS_OpenGL_tutorial\OpenGL_tutorial\tut_Basic_Objects\main.cpp(395,25): warning C4244: аргумент: преобразование "double" в "GLfloat", возможна потеря данных
C:\Users\Lenovo\Desktop\VS_OpenGL_tutorial\OpenGL_tutorial\tut_Basic_Objects\main.cpp(395,15): warning C4244: аргумент: преобразование "double" в "GLfloat", возможна потеря данных
C:\Users\Lenovo\Desktop\VS_OpenGL_tutorial\OpenGL_tutorial\tut_Basic_Objects\main.cpp(397,25): warning C4244: аргумент: преобразование "double" в "GLfloat", возможна потеря данных
C:\Users\Lenovo\Desktop\VS_OpenGL_tutorial\OpenGL_tutorial\tut_Basic_Objects\main.cpp(397,15): warning C4244: аргумент: преобразование "double" в "GLfloat", возможна потеря данных
C:\Users\Lenovo\Desktop\VS_OpenGL_tutorial\OpenGL_tutorial\tut_Basic_Objects\main.cpp(401,25): warning C4244: аргумент: преобразование "double" в "GLfloat", возможна потеря данных
C:\Users\Lenovo\Desktop\VS_OpenGL_tutorial\OpenGL_tutorial\tut_Basic_Objects\main.cpp(401,15): warning C4244: аргумент: преобразование "double" в "GLfloat", возможна потеря данных
C:\Users\Lenovo\Desktop\VS_OpenGL_tutorial\OpenGL_tutorial\tut_Basic_Objects\main.cpp(403,25): warning C4244: аргумент: преобразование "double" в "GLfloat", возможна потеря данных
C:\Users\Lenovo\Desktop\VS_OpenGL_tutorial\OpenGL_tutorial\tut_Basic_Objects\main.cpp(403,15): warning C4244: аргумент: преобразование "double" в "GLfloat", возможна потеря данных
C:\Users\Lenovo\Desktop\VS_OpenGL_tutorial\OpenGL_tutorial\tut_Basic_Objects\main.cpp(405,25): warning C4244: аргумент: преобразование "double" в "GLfloat", возможна потеря данных
C:\Users\Lenovo\Desktop\VS_OpenGL_tutorial\OpenGL_tutorial\tut_Basic_Objects\main.cpp(405,15): warning C4244: аргумент: преобразование "double" в "GLfloat", возможна потеря данных
C:\Users\Lenovo\Desktop\VS_OpenGL_tutorial\OpenGL_tutorial\tut_Basic_Objects\main.cpp(409,17): warning C4305: инициализация: усечение из "double" в "float"
C:\Users\Lenovo\Desktop\VS_OpenGL_tutorial\OpenGL_tutorial\tut_Basic_Objects\main.cpp(410,11): warning C4244: инициализация: преобразование "double" в "float", возможна потеря данных
C:\Users\Lenovo\Desktop\VS_OpenGL_tutorial\OpenGL_tutorial\tut_Basic_Objects\main.cpp(413,25): warning C4244: аргумент: преобразование "double" в "GLfloat", возможна потеря данных
C:\Users\Lenovo\Desktop\VS_OpenGL_tutorial\OpenGL_tutorial\tut_Basic_Objects\main.cpp(413,15): warning C4244: аргумент: преобразование "double" в "GLfloat", возможна потеря данных
C:\Users\Lenovo\Desktop\VS_OpenGL_tutorial\OpenGL_tutorial\tut_Basic_Objects\main.cpp(417,26): warning C4244: аргумент: преобразование "double" в "GLfloat", возможна потеря данных
C:\Users\Lenovo\Desktop\VS_OpenGL_tutorial\OpenGL_tutorial\tut_Basic_Objects\main.cpp(417,16): warning C4244: аргумент: преобразование "double" в "GLfloat", возможна потеря данных
C:\Users\Lenovo\Desktop\VS_OpenGL_tutorial\OpenGL_tutorial\tut_Basic_Objects\main.cpp(422,16): warning C4305: инициализация: усечение из "double" в "float"
C:\Users\Lenovo\Desktop\VS_OpenGL_tutorial\OpenGL_tutorial\tut_Basic_Objects\main.cpp(423,10): warning C4244: инициализация: преобразование "double" в "float", возможна потеря данных
C:\Users\Lenovo\Desktop\VS_OpenGL_tutorial\OpenGL_tutorial\tut_Basic_Objects\main.cpp(426,25): warning C4244: аргумент: преобразование "double" в "GLfloat", возможна потеря данных
C:\Users\Lenovo\Desktop\VS_OpenGL_tutorial\OpenGL_tutorial\tut_Basic_Objects\main.cpp(426,15): warning C4244: аргумент: преобразование "double" в "GLfloat", возможна потеря данных
C:\Users\Lenovo\Desktop\VS_OpenGL_tutorial\OpenGL_tutorial\tut_Basic_Objects\main.cpp(430,26): warning C4244: аргумент: преобразование "double" в "GLfloat", возможна потеря данных
C:\Users\Lenovo\Desktop\VS_OpenGL_tutorial\OpenGL_tutorial\tut_Basic_Objects\main.cpp(430,16): warning C4244: аргумент: преобразование "double" в "GLfloat", возможна потеря данных
C:\Users\Lenovo\Desktop\VS_OpenGL_tutorial\OpenGL_tutorial\tut_Basic_Objects\main.cpp(435,25): warning C4244: аргумент: преобразование "double" в "GLfloat", возможна потеря данных
C:\Users\Lenovo\Desktop\VS_OpenGL_tutorial\OpenGL_tutorial\tut_Basic_Objects\main.cpp(435,15): warning C4244: аргумент: преобразование "double" в "GLfloat", возможна потеря данных
C:\Users\Lenovo\Desktop\VS_OpenGL_tutorial\OpenGL_tutorial\tut_Basic_Objects\main.cpp(437,25): warning C4244: аргумент: преобразование "double" в "GLfloat", возможна потеря данных
C:\Users\Lenovo\Desktop\VS_OpenGL_tutorial\OpenGL_tutorial\tut_Basic_Objects\main.cpp(437,15): warning C4244: аргумент: преобразование "double" в "GLfloat", возможна потеря данных
C:\Users\Lenovo\Desktop\VS_OpenGL_tutorial\OpenGL_tutorial\tut_Basic_Objects\main.cpp(439,25): warning C4244: аргумент: преобразование "double" в "GLfloat", возможна потеря данных
C:\Users\Lenovo\Desktop\VS_OpenGL_tutorial\OpenGL_tutorial\tut_Basic_Objects\main.cpp(439,15): warning C4244: аргумент: преобразование "double" в "GLfloat", возможна потеря данных
C:\Users\Lenovo\Desktop\VS_OpenGL_tutorial\OpenGL_tutorial\tut_Basic_Objects\main.cpp(441,25): warning C4244: аргумент: преобразование "double" в "GLfloat", возможна потеря данных
C:\Users\Lenovo\Desktop\VS_OpenGL_tutorial\OpenGL_tutorial\tut_Basic_Objects\main.cpp(441,15): warning C4244: аргумент: преобразование "double" в "GLfloat", возможна потеря данных
C:\Users\Lenovo\Desktop\VS_OpenGL_tutorial\OpenGL_tutorial\tut_Basic_Objects\main.cpp(445,25): warning C4244: аргумент: преобразование "double" в "GLfloat", возможна потеря данных
C:\Users\Lenovo\Desktop\VS_OpenGL_tutorial\OpenGL_tutorial\tut_Basic_Objects\main.cpp(445,15): warning C4244: аргумент: преобразование "double" в "GLfloat", возможна потеря данных
C:\Users\Lenovo\Desktop\VS_OpenGL_tutorial\OpenGL_tutorial\tut_Basic_Objects\main.cpp(447,25): warning C4244: аргумент: преобразование "double" в "GLfloat", возможна потеря данных
C:\Users\Lenovo\Desktop\VS_OpenGL_tutorial\OpenGL_tutorial\tut_Basic_Objects\main.cpp(447,15): warning C4244: аргумент: преобразование "double" в "GLfloat", возможна потеря данных
C:\Users\Lenovo\Desktop\VS_OpenGL_tutorial\OpenGL_tutorial\tut_Basic_Objects\main.cpp(449,25): warning C4244: аргумент: преобразование "double" в "GLfloat", возможна потеря данных
C:\Users\Lenovo\Desktop\VS_OpenGL_tutorial\OpenGL_tutorial\tut_Basic_Objects\main.cpp(449,15): warning C4244: аргумент: преобразование "double" в "GLfloat", возможна потеря данных
C:\Users\Lenovo\Desktop\VS_OpenGL_tutorial\OpenGL_tutorial\tut_Basic_Objects\main.cpp(451,25): warning C4244: аргумент: преобразование "double" в "GLfloat", возможна потеря данных
C:\Users\Lenovo\Desktop\VS_OpenGL_tutorial\OpenGL_tutorial\tut_Basic_Objects\main.cpp(451,15): warning C4244: аргумент: преобразование "double" в "GLfloat", возможна потеря данных
C:\Users\Lenovo\Desktop\VS_OpenGL_tutorial\OpenGL_tutorial\tut_Basic_Objects\main.cpp(477,25): warning C4305: +=: усечение из "double" в "GLfloat"
C:\Users\Lenovo\Desktop\VS_OpenGL_tutorial\OpenGL_tutorial\tut_Basic_Objects\main.cpp(481,25): warning C4305: -=: усечение из "double" в "GLfloat"
  tut_Basic_Objects.vcxproj -> C:\Users\Lenovo\Desktop\VS_OpenGL_tutorial\OpenGL_tutorial\Debug\tut_Basic_Objects.exe
